<?xml version="1.0" encoding="UTF-8"?>
<!-- Generated by org.testng.reporters.JUnitReportReporter -->
<testsuite hostname="Dhruvil" failures="0" tests="1" name="com.tutorialsninjademo.testsuite.DesktopsTest" time="12.179" errors="0" timestamp="2023-12-13T18:50:29 GMT" skipped="0">
  <testcase classname="com.tutorialsninjademo.testsuite.DesktopsTest" name="verifyProductArrangeInAlphabeticalOrder" time="12.179">
    <system-out>
      <![CDATA[Hovering and Clicking on desktop [[ChromeDriver: chrome on windows (1b172ebc378c17e3be388feeb9b2da81)] -> link text: Desktops]
Clicking on Show all Desktops[[ChromeDriver: chrome on windows (1b172ebc378c17e3be388feeb9b2da81)] -> xpath: //a[normalize-space()='Show AllDesktops']]
Clicking on sort by button [[ChromeDriver: chrome on windows (1b172ebc378c17e3be388feeb9b2da81)] -> id: input-sort]
selectName (Z - A)from[[ChromeDriver: chrome on windows (1b172ebc378c17e3be388feeb9b2da81)] -> id: input-sort]]]>
    </system-out>
  </testcase> <!-- verifyProductArrangeInAlphabeticalOrder -->
  <system-out>
    <![CDATA[Hovering and Clicking on desktop [[ChromeDriver: chrome on windows (1b172ebc378c17e3be388feeb9b2da81)] -> link text: Desktops]
Clicking on Show all Desktops[[ChromeDriver: chrome on windows (1b172ebc378c17e3be388feeb9b2da81)] -> xpath: //a[normalize-space()='Show AllDesktops']]
Clicking on sort by button [[ChromeDriver: chrome on windows (1b172ebc378c17e3be388feeb9b2da81)] -> id: input-sort]
selectName (Z - A)from[[ChromeDriver: chrome on windows (1b172ebc378c17e3be388feeb9b2da81)] -> id: input-sort]]]>
  </system-out>
</testsuite> <!-- com.tutorialsninjademo.testsuite.DesktopsTest -->
